{"/Users/stavarachevlad/Documents/Softbinator/nodejs-labs/nodejs-labs/lab8-starter/express-app/app.js": {"path":"/Users/stavarachevlad/Documents/Softbinator/nodejs-labs/nodejs-labs/lab8-starter/express-app/app.js","statementMap":{"0":{"start":{"line":8,"column":0},"end":{"line":8,"column":16}},"1":{"start":{"line":10,"column":10},"end":{"line":10,"column":19}},"2":{"start":{"line":12,"column":0},"end":{"line":12,"column":24}},"3":{"start":{"line":14,"column":16},"end":{"line":23,"column":1}},"4":{"start":{"line":25,"column":29},"end":{"line":25,"column":50}},"5":{"start":{"line":27,"column":0},"end":{"line":29,"column":1}},"6":{"start":{"line":28,"column":2},"end":{"line":28,"column":79}},"7":{"start":{"line":31,"column":0},"end":{"line":31,"column":16}},"8":{"start":{"line":33,"column":0},"end":{"line":33,"column":22}},"9":{"start":{"line":35,"column":0},"end":{"line":39,"column":2}},"10":{"start":{"line":36,"column":2},"end":{"line":38,"column":3}}},"fnMap":{"0":{"name":"(anonymous_0)","decl":{"start":{"line":35,"column":29},"end":{"line":35,"column":30}},"loc":{"start":{"line":36,"column":2},"end":{"line":38,"column":3}},"line":36}},"branchMap":{"0":{"loc":{"start":{"line":27,"column":0},"end":{"line":29,"column":1}},"type":"if","locations":[{"start":{"line":27,"column":0},"end":{"line":29,"column":1}},{"start":{},"end":{}}],"line":27}},"s":{"0":1,"1":1,"2":1,"3":1,"4":1,"5":1,"6":1,"7":1,"8":1,"9":1,"10":1},"f":{"0":1},"b":{"0":[1,0]},"_coverageSchema":"1a1c01bbd47fc00a2c39e90264f33305004495a9","hash":"979b098f34ef8a7b9aa2a4a1a4ab7daf33d34699"}
,"/Users/stavarachevlad/Documents/Softbinator/nodejs-labs/nodejs-labs/lab8-starter/express-app/client.js": {"path":"/Users/stavarachevlad/Documents/Softbinator/nodejs-labs/nodejs-labs/lab8-starter/express-app/client.js","statementMap":{"0":{"start":{"line":3,"column":15},"end":{"line":3,"column":33}}},"fnMap":{},"branchMap":{},"s":{"0":2},"f":{},"b":{},"_coverageSchema":"1a1c01bbd47fc00a2c39e90264f33305004495a9","hash":"39107e08a8befbcf679458198942013971a9ed8d"}
,"/Users/stavarachevlad/Documents/Softbinator/nodejs-labs/nodejs-labs/lab8-starter/express-app/__tests__/fixtures/tasks.js": {"path":"/Users/stavarachevlad/Documents/Softbinator/nodejs-labs/nodejs-labs/lab8-starter/express-app/__tests__/fixtures/tasks.js","statementMap":{"0":{"start":{"line":1,"column":20},"end":{"line":6,"column":1}}},"fnMap":{},"branchMap":{},"s":{"0":2},"f":{},"b":{},"_coverageSchema":"1a1c01bbd47fc00a2c39e90264f33305004495a9","hash":"ef324a300e59e58d829b427b9c066e4c7640582c"}
,"/Users/stavarachevlad/Documents/Softbinator/nodejs-labs/nodejs-labs/lab8-starter/express-app/src/constants/prisma-errors.js": {"path":"/Users/stavarachevlad/Documents/Softbinator/nodejs-labs/nodejs-labs/lab8-starter/express-app/src/constants/prisma-errors.js","statementMap":{},"fnMap":{},"branchMap":{},"s":{},"f":{},"b":{},"_coverageSchema":"1a1c01bbd47fc00a2c39e90264f33305004495a9","hash":"3230954574a75e4452b1dc7091dd44ba612e36d2"}
,"/Users/stavarachevlad/Documents/Softbinator/nodejs-labs/nodejs-labs/lab8-starter/express-app/src/controllers/tasks.js": {"path":"/Users/stavarachevlad/Documents/Softbinator/nodejs-labs/nodejs-labs/lab8-starter/express-app/src/controllers/tasks.js","statementMap":{"0":{"start":{"line":5,"column":19},"end":{"line":14,"column":1}},"1":{"start":{"line":6,"column":2},"end":{"line":13,"column":3}},"2":{"start":{"line":7,"column":4},"end":{"line":7,"column":58}},"3":{"start":{"line":8,"column":19},"end":{"line":8,"column":58}},"4":{"start":{"line":10,"column":4},"end":{"line":10,"column":33}},"5":{"start":{"line":12,"column":4},"end":{"line":12,"column":14}},"6":{"start":{"line":16,"column":16},"end":{"line":26,"column":1}},"7":{"start":{"line":17,"column":2},"end":{"line":25,"column":3}},"8":{"start":{"line":18,"column":15},"end":{"line":18,"column":29}},"9":{"start":{"line":19,"column":4},"end":{"line":19,"column":50}},"10":{"start":{"line":20,"column":19},"end":{"line":20,"column":49}},"11":{"start":{"line":22,"column":4},"end":{"line":22,"column":33}},"12":{"start":{"line":24,"column":4},"end":{"line":24,"column":14}},"13":{"start":{"line":28,"column":17},"end":{"line":36,"column":1}},"14":{"start":{"line":29,"column":2},"end":{"line":35,"column":3}},"15":{"start":{"line":30,"column":19},"end":{"line":30,"column":57}},"16":{"start":{"line":32,"column":4},"end":{"line":32,"column":33}},"17":{"start":{"line":34,"column":4},"end":{"line":34,"column":14}},"18":{"start":{"line":38,"column":19},"end":{"line":46,"column":1}},"19":{"start":{"line":39,"column":2},"end":{"line":45,"column":3}},"20":{"start":{"line":40,"column":19},"end":{"line":40,"column":74}},"21":{"start":{"line":42,"column":4},"end":{"line":42,"column":33}},"22":{"start":{"line":44,"column":4},"end":{"line":44,"column":14}},"23":{"start":{"line":48,"column":19},"end":{"line":56,"column":1}},"24":{"start":{"line":49,"column":2},"end":{"line":55,"column":3}},"25":{"start":{"line":50,"column":19},"end":{"line":50,"column":64}},"26":{"start":{"line":52,"column":4},"end":{"line":52,"column":33}},"27":{"start":{"line":54,"column":4},"end":{"line":54,"column":14}}},"fnMap":{"0":{"name":"(anonymous_0)","decl":{"start":{"line":5,"column":19},"end":{"line":5,"column":20}},"loc":{"start":{"line":5,"column":45},"end":{"line":14,"column":1}},"line":5},"1":{"name":"(anonymous_1)","decl":{"start":{"line":16,"column":16},"end":{"line":16,"column":17}},"loc":{"start":{"line":16,"column":42},"end":{"line":26,"column":1}},"line":16},"2":{"name":"(anonymous_2)","decl":{"start":{"line":28,"column":17},"end":{"line":28,"column":18}},"loc":{"start":{"line":28,"column":43},"end":{"line":36,"column":1}},"line":28},"3":{"name":"(anonymous_3)","decl":{"start":{"line":38,"column":19},"end":{"line":38,"column":20}},"loc":{"start":{"line":38,"column":45},"end":{"line":46,"column":1}},"line":38},"4":{"name":"(anonymous_4)","decl":{"start":{"line":48,"column":19},"end":{"line":48,"column":20}},"loc":{"start":{"line":48,"column":45},"end":{"line":56,"column":1}},"line":48}},"branchMap":{},"s":{"0":1,"1":0,"2":0,"3":0,"4":0,"5":0,"6":1,"7":2,"8":2,"9":2,"10":2,"11":1,"12":1,"13":1,"14":0,"15":0,"16":0,"17":0,"18":1,"19":0,"20":0,"21":0,"22":0,"23":1,"24":0,"25":0,"26":0,"27":0},"f":{"0":0,"1":2,"2":0,"3":0,"4":0},"b":{},"_coverageSchema":"1a1c01bbd47fc00a2c39e90264f33305004495a9","hash":"79deb3d386e46914e4f01035d328eb240282b2d6"}
,"/Users/stavarachevlad/Documents/Softbinator/nodejs-labs/nodejs-labs/lab8-starter/express-app/src/middlewares/error-handler.js": {"path":"/Users/stavarachevlad/Documents/Softbinator/nodejs-labs/nodejs-labs/lab8-starter/express-app/src/middlewares/error-handler.js","statementMap":{"0":{"start":{"line":3,"column":21},"end":{"line":23,"column":1}},"1":{"start":{"line":4,"column":2},"end":{"line":4,"column":20}},"2":{"start":{"line":6,"column":21},"end":{"line":6,"column":42}},"3":{"start":{"line":7,"column":18},"end":{"line":7,"column":61}},"4":{"start":{"line":9,"column":16},"end":{"line":12,"column":3}},"5":{"start":{"line":14,"column":2},"end":{"line":20,"column":3}},"6":{"start":{"line":19,"column":4},"end":{"line":19,"column":28}},"7":{"start":{"line":22,"column":2},"end":{"line":22,"column":44}}},"fnMap":{"0":{"name":"(anonymous_0)","decl":{"start":{"line":3,"column":21},"end":{"line":3,"column":22}},"loc":{"start":{"line":3,"column":46},"end":{"line":23,"column":1}},"line":3}},"branchMap":{"0":{"loc":{"start":{"line":6,"column":21},"end":{"line":6,"column":42}},"type":"binary-expr","locations":[{"start":{"line":6,"column":21},"end":{"line":6,"column":35}},{"start":{"line":6,"column":39},"end":{"line":6,"column":42}}],"line":6},"1":{"loc":{"start":{"line":7,"column":18},"end":{"line":7,"column":61}},"type":"binary-expr","locations":[{"start":{"line":7,"column":18},"end":{"line":7,"column":34}},{"start":{"line":7,"column":38},"end":{"line":7,"column":61}}],"line":7},"2":{"loc":{"start":{"line":14,"column":2},"end":{"line":20,"column":3}},"type":"if","locations":[{"start":{"line":14,"column":2},"end":{"line":20,"column":3}},{"start":{},"end":{}}],"line":14},"3":{"loc":{"start":{"line":15,"column":4},"end":{"line":17,"column":21}},"type":"binary-expr","locations":[{"start":{"line":15,"column":4},"end":{"line":15,"column":13}},{"start":{"line":16,"column":4},"end":{"line":16,"column":42}},{"start":{"line":17,"column":4},"end":{"line":17,"column":21}}],"line":15}},"s":{"0":1,"1":1,"2":1,"3":1,"4":1,"5":1,"6":0,"7":1},"f":{"0":1},"b":{"0":[1,0],"1":[1,0],"2":[0,1],"3":[1,1,0]},"_coverageSchema":"1a1c01bbd47fc00a2c39e90264f33305004495a9","hash":"c757418aa33a6fd2741c7a3c85915eff88bf460f"}
,"/Users/stavarachevlad/Documents/Softbinator/nodejs-labs/nodejs-labs/lab8-starter/express-app/src/middlewares/validate.js": {"path":"/Users/stavarachevlad/Documents/Softbinator/nodejs-labs/nodejs-labs/lab8-starter/express-app/src/middlewares/validate.js","statementMap":{"0":{"start":{"line":3,"column":17},"end":{"line":11,"column":1}},"1":{"start":{"line":3,"column":39},"end":{"line":11,"column":1}},"2":{"start":{"line":4,"column":27},"end":{"line":4,"column":62}},"3":{"start":{"line":6,"column":2},"end":{"line":8,"column":3}},"4":{"start":{"line":7,"column":4},"end":{"line":7,"column":79}},"5":{"start":{"line":10,"column":2},"end":{"line":10,"column":9}}},"fnMap":{"0":{"name":"(anonymous_0)","decl":{"start":{"line":3,"column":17},"end":{"line":3,"column":18}},"loc":{"start":{"line":3,"column":39},"end":{"line":11,"column":1}},"line":3},"1":{"name":"(anonymous_1)","decl":{"start":{"line":3,"column":39},"end":{"line":3,"column":40}},"loc":{"start":{"line":3,"column":59},"end":{"line":11,"column":1}},"line":3}},"branchMap":{"0":{"loc":{"start":{"line":6,"column":2},"end":{"line":8,"column":3}},"type":"if","locations":[{"start":{"line":6,"column":2},"end":{"line":8,"column":3}},{"start":{},"end":{}}],"line":6}},"s":{"0":1,"1":2,"2":0,"3":0,"4":0,"5":0},"f":{"0":2,"1":0},"b":{"0":[0,0]},"_coverageSchema":"1a1c01bbd47fc00a2c39e90264f33305004495a9","hash":"cd5cbbf495e2e6430823571023d7f7b496392d05"}
,"/Users/stavarachevlad/Documents/Softbinator/nodejs-labs/nodejs-labs/lab8-starter/express-app/src/routes/index.js": {"path":"/Users/stavarachevlad/Documents/Softbinator/nodejs-labs/nodejs-labs/lab8-starter/express-app/src/routes/index.js","statementMap":{"0":{"start":{"line":4,"column":15},"end":{"line":4,"column":31}},"1":{"start":{"line":6,"column":0},"end":{"line":6,"column":34}}},"fnMap":{},"branchMap":{},"s":{"0":1,"1":1},"f":{},"b":{},"_coverageSchema":"1a1c01bbd47fc00a2c39e90264f33305004495a9","hash":"6a55355c37c7c4b1787d970fe47d7c847af12ccd"}
,"/Users/stavarachevlad/Documents/Softbinator/nodejs-labs/nodejs-labs/lab8-starter/express-app/src/routes/tasks.js": {"path":"/Users/stavarachevlad/Documents/Softbinator/nodejs-labs/nodejs-labs/lab8-starter/express-app/src/routes/tasks.js","statementMap":{"0":{"start":{"line":6,"column":15},"end":{"line":6,"column":31}},"1":{"start":{"line":67,"column":0},"end":{"line":70,"column":33}},"2":{"start":{"line":97,"column":0},"end":{"line":97,"column":50}},"3":{"start":{"line":151,"column":0},"end":{"line":154,"column":38}}},"fnMap":{},"branchMap":{},"s":{"0":1,"1":1,"2":1,"3":1},"f":{},"b":{},"_coverageSchema":"1a1c01bbd47fc00a2c39e90264f33305004495a9","hash":"ff14b100d0a439436de1c3d2530a7a38263e293f"}
,"/Users/stavarachevlad/Documents/Softbinator/nodejs-labs/nodejs-labs/lab8-starter/express-app/src/services/tasks.js": {"path":"/Users/stavarachevlad/Documents/Softbinator/nodejs-labs/nodejs-labs/lab8-starter/express-app/src/services/tasks.js","statementMap":{"0":{"start":{"line":5,"column":19},"end":{"line":26,"column":1}},"1":{"start":{"line":6,"column":44},"end":{"line":6,"column":52}},"2":{"start":{"line":8,"column":17},"end":{"line":23,"column":4}},"3":{"start":{"line":25,"column":2},"end":{"line":25,"column":16}},"4":{"start":{"line":28,"column":16},"end":{"line":40,"column":1}},"5":{"start":{"line":29,"column":17},"end":{"line":33,"column":4}},"6":{"start":{"line":35,"column":2},"end":{"line":37,"column":3}},"7":{"start":{"line":36,"column":4},"end":{"line":36,"column":49}},"8":{"start":{"line":39,"column":2},"end":{"line":39,"column":16}},"9":{"start":{"line":42,"column":19},"end":{"line":60,"column":1}},"10":{"start":{"line":43,"column":17},"end":{"line":57,"column":6}},"11":{"start":{"line":53,"column":6},"end":{"line":55,"column":7}},"12":{"start":{"line":54,"column":8},"end":{"line":54,"column":51}},"13":{"start":{"line":56,"column":6},"end":{"line":56,"column":16}},"14":{"start":{"line":59,"column":2},"end":{"line":59,"column":16}},"15":{"start":{"line":62,"column":19},"end":{"line":77,"column":1}},"16":{"start":{"line":63,"column":17},"end":{"line":74,"column":6}},"17":{"start":{"line":70,"column":6},"end":{"line":72,"column":7}},"18":{"start":{"line":71,"column":8},"end":{"line":71,"column":51}},"19":{"start":{"line":73,"column":6},"end":{"line":73,"column":16}},"20":{"start":{"line":76,"column":2},"end":{"line":76,"column":16}},"21":{"start":{"line":79,"column":17},"end":{"line":93,"column":1}},"22":{"start":{"line":80,"column":50},"end":{"line":80,"column":56}},"23":{"start":{"line":82,"column":16},"end":{"line":90,"column":4}},"24":{"start":{"line":92,"column":2},"end":{"line":92,"column":15}}},"fnMap":{"0":{"name":"(anonymous_0)","decl":{"start":{"line":5,"column":19},"end":{"line":5,"column":20}},"loc":{"start":{"line":5,"column":39},"end":{"line":26,"column":1}},"line":5},"1":{"name":"(anonymous_1)","decl":{"start":{"line":28,"column":16},"end":{"line":28,"column":17}},"loc":{"start":{"line":28,"column":34},"end":{"line":40,"column":1}},"line":28},"2":{"name":"(anonymous_2)","decl":{"start":{"line":42,"column":19},"end":{"line":42,"column":20}},"loc":{"start":{"line":42,"column":47},"end":{"line":60,"column":1}},"line":42},"3":{"name":"(anonymous_3)","decl":{"start":{"line":52,"column":11},"end":{"line":52,"column":12}},"loc":{"start":{"line":52,"column":20},"end":{"line":57,"column":5}},"line":52},"4":{"name":"(anonymous_4)","decl":{"start":{"line":62,"column":19},"end":{"line":62,"column":20}},"loc":{"start":{"line":62,"column":37},"end":{"line":77,"column":1}},"line":62},"5":{"name":"(anonymous_5)","decl":{"start":{"line":69,"column":11},"end":{"line":69,"column":12}},"loc":{"start":{"line":69,"column":20},"end":{"line":74,"column":5}},"line":69},"6":{"name":"(anonymous_6)","decl":{"start":{"line":79,"column":17},"end":{"line":79,"column":18}},"loc":{"start":{"line":79,"column":35},"end":{"line":93,"column":1}},"line":79}},"branchMap":{"0":{"loc":{"start":{"line":35,"column":2},"end":{"line":37,"column":3}},"type":"if","locations":[{"start":{"line":35,"column":2},"end":{"line":37,"column":3}},{"start":{},"end":{}}],"line":35},"1":{"loc":{"start":{"line":53,"column":6},"end":{"line":55,"column":7}},"type":"if","locations":[{"start":{"line":53,"column":6},"end":{"line":55,"column":7}},{"start":{},"end":{}}],"line":53},"2":{"loc":{"start":{"line":70,"column":6},"end":{"line":72,"column":7}},"type":"if","locations":[{"start":{"line":70,"column":6},"end":{"line":72,"column":7}},{"start":{},"end":{}}],"line":70}},"s":{"0":2,"1":0,"2":0,"3":0,"4":2,"5":4,"6":4,"7":2,"8":2,"9":2,"10":0,"11":0,"12":0,"13":0,"14":0,"15":2,"16":0,"17":0,"18":0,"19":0,"20":0,"21":2,"22":0,"23":0,"24":0},"f":{"0":0,"1":4,"2":0,"3":0,"4":0,"5":0,"6":0},"b":{"0":[2,2],"1":[0,0],"2":[0,0]},"_coverageSchema":"1a1c01bbd47fc00a2c39e90264f33305004495a9","hash":"89fea62cbf4bd65be9f6c134cd83529882512b51"}
,"/Users/stavarachevlad/Documents/Softbinator/nodejs-labs/nodejs-labs/lab8-starter/express-app/src/utils/httpError.js": {"path":"/Users/stavarachevlad/Documents/Softbinator/nodejs-labs/nodejs-labs/lab8-starter/express-app/src/utils/httpError.js","statementMap":{"0":{"start":{"line":5,"column":4},"end":{"line":5,"column":12}},"1":{"start":{"line":6,"column":4},"end":{"line":6,"column":37}},"2":{"start":{"line":7,"column":4},"end":{"line":7,"column":33}}},"fnMap":{"0":{"name":"(anonymous_0)","decl":{"start":{"line":4,"column":2},"end":{"line":4,"column":3}},"loc":{"start":{"line":4,"column":40},"end":{"line":8,"column":3}},"line":4}},"branchMap":{},"s":{"0":2,"1":2,"2":2},"f":{"0":2},"b":{},"_coverageSchema":"1a1c01bbd47fc00a2c39e90264f33305004495a9","hash":"99e70d6608fe2caa669ac22cf7b93f5ff009987d"}
,"/Users/stavarachevlad/Documents/Softbinator/nodejs-labs/nodejs-labs/lab8-starter/express-app/src/utils/logger.js": {"path":"/Users/stavarachevlad/Documents/Softbinator/nodejs-labs/nodejs-labs/lab8-starter/express-app/src/utils/logger.js","statementMap":{"0":{"start":{"line":3,"column":15},"end":{"line":14,"column":2}},"1":{"start":{"line":20,"column":0},"end":{"line":24,"column":2}}},"fnMap":{},"branchMap":{},"s":{"0":1,"1":1},"f":{},"b":{},"_coverageSchema":"1a1c01bbd47fc00a2c39e90264f33305004495a9","hash":"e4d672546af2400e64ccbe8707be6640a1c20610"}
,"/Users/stavarachevlad/Documents/Softbinator/nodejs-labs/nodejs-labs/lab8-starter/express-app/src/utils/utils.js": {"path":"/Users/stavarachevlad/Documents/Softbinator/nodejs-labs/nodejs-labs/lab8-starter/express-app/src/utils/utils.js","statementMap":{"0":{"start":{"line":1,"column":12},"end":{"line":3,"column":1}},"1":{"start":{"line":2,"column":2},"end":{"line":2,"column":15}}},"fnMap":{"0":{"name":"(anonymous_0)","decl":{"start":{"line":1,"column":12},"end":{"line":1,"column":13}},"loc":{"start":{"line":1,"column":22},"end":{"line":3,"column":1}},"line":1}},"branchMap":{},"s":{"0":1,"1":1},"f":{"0":1},"b":{},"_coverageSchema":"1a1c01bbd47fc00a2c39e90264f33305004495a9","hash":"3b78b307f5b448348816a9c395ab73c5e40d5489"}
,"/Users/stavarachevlad/Documents/Softbinator/nodejs-labs/nodejs-labs/lab8-starter/express-app/src/validations/taks.js": {"path":"/Users/stavarachevlad/Documents/Softbinator/nodejs-labs/nodejs-labs/lab8-starter/express-app/src/validations/taks.js","statementMap":{"0":{"start":{"line":3,"column":20},"end":{"line":8,"column":2}},"1":{"start":{"line":10,"column":19},"end":{"line":15,"column":9}}},"fnMap":{},"branchMap":{},"s":{"0":1,"1":1},"f":{},"b":{},"_coverageSchema":"1a1c01bbd47fc00a2c39e90264f33305004495a9","hash":"88f168a80bdded21f53818da97b06f5c08c3d022"}
}
