TN:
SF:app.js
FN:35,(anonymous_0)
FNF:1
FNH:1
FNDA:1,(anonymous_0)
DA:8,1
DA:10,1
DA:12,1
DA:14,1
DA:25,1
DA:27,1
DA:28,1
DA:31,1
DA:33,1
DA:35,1
DA:36,1
LF:11
LH:11
BRDA:27,0,0,1
BRDA:27,0,1,0
BRF:2
BRH:1
end_of_record
TN:
SF:client.js
FNF:0
FNH:0
DA:3,2
LF:1
LH:1
BRF:0
BRH:0
end_of_record
TN:
SF:__tests__/fixtures/tasks.js
FNF:0
FNH:0
DA:1,2
LF:1
LH:1
BRF:0
BRH:0
end_of_record
TN:
SF:src/constants/prisma-errors.js
FNF:0
FNH:0
LF:0
LH:0
BRF:0
BRH:0
end_of_record
TN:
SF:src/controllers/tasks.js
FN:5,(anonymous_0)
FN:16,(anonymous_1)
FN:28,(anonymous_2)
FN:38,(anonymous_3)
FN:48,(anonymous_4)
FNF:5
FNH:1
FNDA:0,(anonymous_0)
FNDA:2,(anonymous_1)
FNDA:0,(anonymous_2)
FNDA:0,(anonymous_3)
FNDA:0,(anonymous_4)
DA:5,1
DA:6,0
DA:7,0
DA:8,0
DA:10,0
DA:12,0
DA:16,1
DA:17,2
DA:18,2
DA:19,2
DA:20,2
DA:22,1
DA:24,1
DA:28,1
DA:29,0
DA:30,0
DA:32,0
DA:34,0
DA:38,1
DA:39,0
DA:40,0
DA:42,0
DA:44,0
DA:48,1
DA:49,0
DA:50,0
DA:52,0
DA:54,0
LF:28
LH:11
BRF:0
BRH:0
end_of_record
TN:
SF:src/middlewares/error-handler.js
FN:3,(anonymous_0)
FNF:1
FNH:1
FNDA:1,(anonymous_0)
DA:3,1
DA:4,1
DA:6,1
DA:7,1
DA:9,1
DA:14,1
DA:19,0
DA:22,1
LF:8
LH:7
BRDA:6,0,0,1
BRDA:6,0,1,0
BRDA:7,1,0,1
BRDA:7,1,1,0
BRDA:14,2,0,0
BRDA:14,2,1,1
BRDA:15,3,0,1
BRDA:15,3,1,1
BRDA:15,3,2,0
BRF:9
BRH:5
end_of_record
TN:
SF:src/middlewares/validate.js
FN:3,(anonymous_0)
FN:3,(anonymous_1)
FNF:2
FNH:1
FNDA:2,(anonymous_0)
FNDA:0,(anonymous_1)
DA:3,2
DA:4,0
DA:6,0
DA:7,0
DA:10,0
LF:5
LH:1
BRDA:6,0,0,0
BRDA:6,0,1,0
BRF:2
BRH:0
end_of_record
TN:
SF:src/routes/index.js
FNF:0
FNH:0
DA:4,1
DA:6,1
LF:2
LH:2
BRF:0
BRH:0
end_of_record
TN:
SF:src/routes/tasks.js
FNF:0
FNH:0
DA:6,1
DA:67,1
DA:97,1
DA:151,1
LF:4
LH:4
BRF:0
BRH:0
end_of_record
TN:
SF:src/services/tasks.js
FN:5,(anonymous_0)
FN:28,(anonymous_1)
FN:42,(anonymous_2)
FN:52,(anonymous_3)
FN:62,(anonymous_4)
FN:69,(anonymous_5)
FN:79,(anonymous_6)
FNF:7
FNH:1
FNDA:0,(anonymous_0)
FNDA:4,(anonymous_1)
FNDA:0,(anonymous_2)
FNDA:0,(anonymous_3)
FNDA:0,(anonymous_4)
FNDA:0,(anonymous_5)
FNDA:0,(anonymous_6)
DA:5,2
DA:6,0
DA:8,0
DA:25,0
DA:28,2
DA:29,4
DA:35,4
DA:36,2
DA:39,2
DA:42,2
DA:43,0
DA:53,0
DA:54,0
DA:56,0
DA:59,0
DA:62,2
DA:63,0
DA:70,0
DA:71,0
DA:73,0
DA:76,0
DA:79,2
DA:80,0
DA:82,0
DA:92,0
LF:25
LH:9
BRDA:35,0,0,2
BRDA:35,0,1,2
BRDA:53,1,0,0
BRDA:53,1,1,0
BRDA:70,2,0,0
BRDA:70,2,1,0
BRF:6
BRH:2
end_of_record
TN:
SF:src/utils/httpError.js
FN:4,(anonymous_0)
FNF:1
FNH:1
FNDA:2,(anonymous_0)
DA:5,2
DA:6,2
DA:7,2
LF:3
LH:3
BRF:0
BRH:0
end_of_record
TN:
SF:src/utils/logger.js
FNF:0
FNH:0
DA:3,1
DA:20,1
LF:2
LH:2
BRF:0
BRH:0
end_of_record
TN:
SF:src/utils/utils.js
FN:1,(anonymous_0)
FNF:1
FNH:1
FNDA:1,(anonymous_0)
DA:1,1
DA:2,1
LF:2
LH:2
BRF:0
BRH:0
end_of_record
TN:
SF:src/validations/taks.js
FNF:0
FNH:0
DA:3,1
DA:10,1
LF:2
LH:2
BRF:0
BRH:0
end_of_record
